Arguments: 
  C:\Program Files\nodejs\node.exe C:\Users\boss\AppData\Roaming\npm\node_modules\yarn\bin\yarn.js install

PATH: 
  C:\Users\boss\.oh-my-posh;C:\Program Files (x86)\Common Files\Oracle\Java\javapath;C:\WINDOWS\system32;C:\WINDOWS;C:\WINDOWS\System32\Wbem;C:\WINDOWS\System32\WindowsPowerShell\v1.0\;C:\WINDOWS\System32\OpenSSH\;C:\Program Files\Git\cmd;C:\Program Files\TortoiseSVN\bin;C:\ProgramData\chocolatey\bin;C:\Users\boss\AppData\Roaming\nvm;C:\Program Files\nodejs;D:\SoftwareInstall\微信web开发者工具\dll;D:\flutter\bin;D:\SoftwareInstall\xftp 7\;C:\Users\boss\AppData\Local\Microsoft\WindowsApps;C:\Users\boss\AppData\Roaming\npm;D:\SoftwareInstall\WebStorm 2021.2.3\bin;C:\Users\boss\AppData\Roaming\nvm;C:\Program Files\nodejs;D:\SoftwareInstall\WebStorm 2022.1\bin;D:\SoftwareInstall\PyCharm 2022.2.3\bin;D:\flutter\bin;C:\Program Files\Java\jdk1.8.0_201\bin;C:\Users\boss\AppData\Local\Microsoft\WindowsApps;C:\Users\boss\AppData\Local\JetBrains\Toolbox\scripts;;D:\SoftwareInstall\WebStorm 2024.1.1\bin;;D:\SoftwareInstall\Microsoft VS Code\bin

Yarn version: 
  1.22.17

Node version: 
  18.20.2

Platform: 
  win32 x64

Trace: 
  Error: EPERM: operation not permitted, unlink 'C:\Users\boss\Desktop\vuehooks\node_modules\@esbuild\win32-x64\esbuild.exe'

npm manifest: 
  {
    "devDependencies": {
      "vitepress": "^1.1.4",
      "typescript": "^4.0.2",
      "ts-node": "^9.0.0"
    },
    "dependencies": {
      "vue": "^3.0.0"
    },
    "name": "bszx-hooks",
    "version": "1.0.0",
    "main": "index.js",
    "license": "MIT",
    "scripts": {
      "docs:dev": "vitepress dev docs",
      "docs:build": "vitepress build docs",
      "docs:preview": "vitepress preview docs"
    }
  }

yarn manifest: 
  No manifest

Lockfile: 
  # THIS IS AN AUTOGENERATED FILE. DO NOT EDIT THIS FILE DIRECTLY.
  # yarn lockfile v1
  
  
  "@algolia/autocomplete-core@1.9.3":
    version "1.9.3"
    resolved "https://registry.npmmirror.com/@algolia/autocomplete-core/-/autocomplete-core-1.9.3.tgz"
    integrity sha512-009HdfugtGCdC4JdXUbVJClA0q0zh24yyePn+KUGk3rP7j8FEe/m5Yo/z65gn6nP/cM39PxpzqKrL7A6fP6PPw==
    dependencies:
      "@algolia/autocomplete-plugin-algolia-insights" "1.9.3"
      "@algolia/autocomplete-shared" "1.9.3"
  
  "@algolia/autocomplete-plugin-algolia-insights@1.9.3":
    version "1.9.3"
    resolved "https://registry.npmmirror.com/@algolia/autocomplete-plugin-algolia-insights/-/autocomplete-plugin-algolia-insights-1.9.3.tgz"
    integrity sha512-a/yTUkcO/Vyy+JffmAnTWbr4/90cLzw+CC3bRbhnULr/EM0fGNvM13oQQ14f2moLMcVDyAx/leczLlAOovhSZg==
    dependencies:
      "@algolia/autocomplete-shared" "1.9.3"
  
  "@algolia/autocomplete-preset-algolia@1.9.3":
    version "1.9.3"
    resolved "https://registry.npmmirror.com/@algolia/autocomplete-preset-algolia/-/autocomplete-preset-algolia-1.9.3.tgz"
    integrity sha512-d4qlt6YmrLMYy95n5TB52wtNDr6EgAIPH81dvvvW8UmuWRgxEtY0NJiPwl/h95JtG2vmRM804M0DSwMCNZlzRA==
    dependencies:
      "@algolia/autocomplete-shared" "1.9.3"
  
  "@algolia/autocomplete-shared@1.9.3":
    version "1.9.3"
    resolved "https://registry.npmmirror.com/@algolia/autocomplete-shared/-/autocomplete-shared-1.9.3.tgz"
    integrity sha512-Wnm9E4Ye6Rl6sTTqjoymD+l8DjSTHsHboVRYrKgEt8Q7UHm9nYbqhN/i0fhUYA3OAEH7WA8x3jfpnmJm3rKvaQ==
  
  "@algolia/cache-browser-local-storage@4.23.3":
    version "4.23.3"
    resolved "https://registry.npmmirror.com/@algolia/cache-browser-local-storage/-/cache-browser-local-storage-4.23.3.tgz"
    integrity sha512-vRHXYCpPlTDE7i6UOy2xE03zHF2C8MEFjPN2v7fRbqVpcOvAUQK81x3Kc21xyb5aSIpYCjWCZbYZuz8Glyzyyg==
    dependencies:
      "@algolia/cache-common" "4.23.3"
  
  "@algolia/cache-common@4.23.3":
    version "4.23.3"
    resolved "https://registry.npmmirror.com/@algolia/cache-common/-/cache-common-4.23.3.tgz"
    integrity sha512-h9XcNI6lxYStaw32pHpB1TMm0RuxphF+Ik4o7tcQiodEdpKK+wKufY6QXtba7t3k8eseirEMVB83uFFF3Nu54A==
  
  "@algolia/cache-in-memory@4.23.3":
    version "4.23.3"
    resolved "https://registry.npmmirror.com/@algolia/cache-in-memory/-/cache-in-memory-4.23.3.tgz"
    integrity sha512-yvpbuUXg/+0rbcagxNT7un0eo3czx2Uf0y4eiR4z4SD7SiptwYTpbuS0IHxcLHG3lq22ukx1T6Kjtk/rT+mqNg==
    dependencies:
      "@algolia/cache-common" "4.23.3"
  
  "@algolia/client-account@4.23.3":
    version "4.23.3"
    resolved "https://registry.npmmirror.com/@algolia/client-account/-/client-account-4.23.3.tgz"
    integrity sha512-hpa6S5d7iQmretHHF40QGq6hz0anWEHGlULcTIT9tbUssWUriN9AUXIFQ8Ei4w9azD0hc1rUok9/DeQQobhQMA==
    dependencies:
      "@algolia/client-common" "4.23.3"
      "@algolia/client-search" "4.23.3"
      "@algolia/transporter" "4.23.3"
  
  "@algolia/client-analytics@4.23.3":
    version "4.23.3"
    resolved "https://registry.npmmirror.com/@algolia/client-analytics/-/client-analytics-4.23.3.tgz"
    integrity sha512-LBsEARGS9cj8VkTAVEZphjxTjMVCci+zIIiRhpFun9jGDUlS1XmhCW7CTrnaWeIuCQS/2iPyRqSy1nXPjcBLRA==
    dependencies:
      "@algolia/client-common" "4.23.3"
      "@algolia/client-search" "4.23.3"
      "@algolia/requester-common" "4.23.3"
      "@algolia/transporter" "4.23.3"
  
  "@algolia/client-common@4.23.3":
    version "4.23.3"
    resolved "https://registry.npmmirror.com/@algolia/client-common/-/client-common-4.23.3.tgz"
    integrity sha512-l6EiPxdAlg8CYhroqS5ybfIczsGUIAC47slLPOMDeKSVXYG1n0qGiz4RjAHLw2aD0xzh2EXZ7aRguPfz7UKDKw==
    dependencies:
      "@algolia/requester-common" "4.23.3"
      "@algolia/transporter" "4.23.3"
  
  "@algolia/client-personalization@4.23.3":
    version "4.23.3"
    resolved "https://registry.npmmirror.com/@algolia/client-personalization/-/client-personalization-4.23.3.tgz"
    integrity sha512-3E3yF3Ocr1tB/xOZiuC3doHQBQ2zu2MPTYZ0d4lpfWads2WTKG7ZzmGnsHmm63RflvDeLK/UVx7j2b3QuwKQ2g==
    dependencies:
      "@algolia/client-common" "4.23.3"
      "@algolia/requester-common" "4.23.3"
      "@algolia/transporter" "4.23.3"
  
  "@algolia/client-search@>= 4.9.1 < 6", "@algolia/client-search@4.23.3":
    version "4.23.3"
    resolved "https://registry.npmmirror.com/@algolia/client-search/-/client-search-4.23.3.tgz"
    integrity sha512-P4VAKFHqU0wx9O+q29Q8YVuaowaZ5EM77rxfmGnkHUJggh28useXQdopokgwMeYw2XUht49WX5RcTQ40rZIabw==
    dependencies:
      "@algolia/client-common" "4.23.3"
      "@algolia/requester-common" "4.23.3"
      "@algolia/transporter" "4.23.3"
  
  "@algolia/logger-common@4.23.3":
    version "4.23.3"
    resolved "https://registry.npmmirror.com/@algolia/logger-common/-/logger-common-4.23.3.tgz"
    integrity sha512-y9kBtmJwiZ9ZZ+1Ek66P0M68mHQzKRxkW5kAAXYN/rdzgDN0d2COsViEFufxJ0pb45K4FRcfC7+33YB4BLrZ+g==
  
  "@algolia/logger-console@4.23.3":
    version "4.23.3"
    resolved "https://registry.npmmirror.com/@algolia/logger-console/-/logger-console-4.23.3.tgz"
    integrity sha512-8xoiseoWDKuCVnWP8jHthgaeobDLolh00KJAdMe9XPrWPuf1by732jSpgy2BlsLTaT9m32pHI8CRfrOqQzHv3A==
    dependencies:
      "@algolia/logger-common" "4.23.3"
  
  "@algolia/recommend@4.23.3":
    version "4.23.3"
    resolved "https://registry.npmmirror.com/@algolia/recommend/-/recommend-4.23.3.tgz"
    integrity sha512-9fK4nXZF0bFkdcLBRDexsnGzVmu4TSYZqxdpgBW2tEyfuSSY54D4qSRkLmNkrrz4YFvdh2GM1gA8vSsnZPR73w==
    dependencies:
      "@algolia/cache-browser-local-storage" "4.23.3"
      "@algolia/cache-common" "4.23.3"
      "@algolia/cache-in-memory" "4.23.3"
      "@algolia/client-common" "4.23.3"
      "@algolia/client-search" "4.23.3"
      "@algolia/logger-common" "4.23.3"
      "@algolia/logger-console" "4.23.3"
      "@algolia/requester-browser-xhr" "4.23.3"
      "@algolia/requester-common" "4.23.3"
      "@algolia/requester-node-http" "4.23.3"
      "@algolia/transporter" "4.23.3"
  
  "@algolia/requester-browser-xhr@4.23.3":
    version "4.23.3"
    resolved "https://registry.npmmirror.com/@algolia/requester-browser-xhr/-/requester-browser-xhr-4.23.3.tgz"
    integrity sha512-jDWGIQ96BhXbmONAQsasIpTYWslyjkiGu0Quydjlowe+ciqySpiDUrJHERIRfELE5+wFc7hc1Q5hqjGoV7yghw==
    dependencies:
      "@algolia/requester-common" "4.23.3"
  
  "@algolia/requester-common@4.23.3":
    version "4.23.3"
    resolved "https://registry.npmmirror.com/@algolia/requester-common/-/requester-common-4.23.3.tgz"
    integrity sha512-xloIdr/bedtYEGcXCiF2muajyvRhwop4cMZo+K2qzNht0CMzlRkm8YsDdj5IaBhshqfgmBb3rTg4sL4/PpvLYw==
  
  "@algolia/requester-node-http@4.23.3":
    version "4.23.3"
    resolved "https://registry.npmmirror.com/@algolia/requester-node-http/-/requester-node-http-4.23.3.tgz"
    integrity sha512-zgu++8Uj03IWDEJM3fuNl34s746JnZOWn1Uz5taV1dFyJhVM/kTNw9Ik7YJWiUNHJQXcaD8IXD1eCb0nq/aByA==
    dependencies:
      "@algolia/requester-common" "4.23.3"
  
  "@algolia/transporter@4.23.3":
    version "4.23.3"
    resolved "https://registry.npmmirror.com/@algolia/transporter/-/transporter-4.23.3.tgz"
    integrity sha512-Wjl5gttqnf/gQKJA+dafnD0Y6Yw97yvfY8R9h0dQltX1GXTgNs1zWgvtWW0tHl1EgMdhAyw189uWiZMnL3QebQ==
    dependencies:
      "@algolia/cache-common" "4.23.3"
      "@algolia/logger-common" "4.23.3"
      "@algolia/requester-common" "4.23.3"
  
  "@babel/parser@^7.24.4":
    version "7.24.5"
    resolved "https://registry.npmmirror.com/@babel/parser/-/parser-7.24.5.tgz"
    integrity sha512-EOv5IK8arwh3LI47dz1b0tKUb/1uhHAnHJOrjgtQMIpu1uXd9mlFrJg9IUgGUgZ41Ch0K8REPTYpO7B76b4vJg==
  
  "@docsearch/css@^3.6.0", "@docsearch/css@3.6.0":
    version "3.6.0"
    resolved "https://registry.npmmirror.com/@docsearch/css/-/css-3.6.0.tgz"
    integrity sha512-+sbxb71sWre+PwDK7X2T8+bhS6clcVMLwBPznX45Qu6opJcgRjAp7gYSDzVFp187J+feSj5dNBN1mJoi6ckkUQ==
  
  "@docsearch/js@^3.6.0":
    version "3.6.0"
    resolved "https://registry.npmmirror.com/@docsearch/js/-/js-3.6.0.tgz"
    integrity sha512-QujhqINEElrkIfKwyyyTfbsfMAYCkylInLYMRqHy7PHc8xTBQCow73tlo/Kc7oIwBrCLf0P3YhjlOeV4v8hevQ==
    dependencies:
      "@docsearch/react" "3.6.0"
      preact "^10.0.0"
  
  "@docsearch/react@3.6.0":
    version "3.6.0"
    resolved "https://registry.npmmirror.com/@docsearch/react/-/react-3.6.0.tgz"
    integrity sha512-HUFut4ztcVNmqy9gp/wxNbC7pTOHhgVVkHVGCACTuLhUKUhKAF9KYHJtMiLUJxEqiFLQiuri1fWF8zqwM/cu1w==
    dependencies:
      "@algolia/autocomplete-core" "1.9.3"
      "@algolia/autocomplete-preset-algolia" "1.9.3"
      "@docsearch/css" "3.6.0"
      algoliasearch "^4.19.1"
  
  "@esbuild/win32-x64@0.20.2":
    version "0.20.2"
    resolved "https://registry.npmmirror.com/@esbuild/win32-x64/-/win32-x64-0.20.2.tgz"
    integrity sha512-N49X4lJX27+l9jbLKSqZ6bKNjzQvHaT8IIFUy+YIqmXQdjYCToGWwOItDrfby14c78aDd5NHQl29xingXfCdLQ==
  
  "@jridgewell/sourcemap-codec@^1.4.15":
    version "1.4.15"
    resolved "https://registry.npmmirror.com/@jridgewell/sourcemap-codec/-/sourcemap-codec-1.4.15.tgz"
    integrity sha512-eF2rxCRulEKXHTRiDrDy6erMYWqNw4LPdQ8UQA4huuxaQsVeRPFl2oM8oDGxMFhJUWZf9McpLtJasDDZb/Bpeg==
  
  "@rollup/rollup-win32-x64-msvc@4.17.2":
    version "4.17.2"
    resolved "https://registry.npmmirror.com/@rollup/rollup-win32-x64-msvc/-/rollup-win32-x64-msvc-4.17.2.tgz"
    integrity sha512-TGGO7v7qOq4CYmSBVEYpI1Y5xDuCEnbVC5Vth8mOsW0gDSzxNrVERPc790IGHsrT2dQSimgMr9Ub3Y1Jci5/8w==
  
  "@shikijs/core@^1.3.0", "@shikijs/core@1.4.0":
    version "1.4.0"
    resolved "https://registry.npmmirror.com/@shikijs/core/-/core-1.4.0.tgz"
    integrity sha512-CxpKLntAi64h3j+TwWqVIQObPTED0FyXLHTTh3MKXtqiQNn2JGcMQQ362LftDbc9kYbDtrksNMNoVmVXzKFYUQ==
  
  "@shikijs/transformers@^1.3.0":
    version "1.4.0"
    resolved "https://registry.npmmirror.com/@shikijs/transformers/-/transformers-1.4.0.tgz"
    integrity sha512-kzvlWmWYYSeaLKRce/kgmFFORUtBtFahfXRKndor0b60ocYiXufBQM6d6w1PlMuUkdk55aor9xLvy9wy7hTEJg==
    dependencies:
      shiki "1.4.0"
  
  "@types/estree@1.0.5":
    version "1.0.5"
    resolved "https://registry.npmmirror.com/@types/estree/-/estree-1.0.5.tgz"
    integrity sha512-/kYRxGDLWzHOB7q+wtSUQlFrtcdUccpfy+X+9iMBpHK8QLLhx2wIPYuS5DYtR9Wa/YlZAbIovy7qVdB1Aq6Lyw==
  
  "@types/linkify-it@^5":
    version "5.0.0"
    resolved "https://registry.npmmirror.com/@types/linkify-it/-/linkify-it-5.0.0.tgz"
    integrity sha512-sVDA58zAw4eWAffKOaQH5/5j3XeayukzDk+ewSsnv3p4yJEZHCCzMDiZM8e0OUrRvmpGZ85jf4yDHkHsgBNr9Q==
  
  "@types/markdown-it@^14.0.1":
    version "14.1.1"
    resolved "https://registry.npmmirror.com/@types/markdown-it/-/markdown-it-14.1.1.tgz"
    integrity sha512-4NpsnpYl2Gt1ljyBGrKMxFYAYvpqbnnkgP/i/g+NLpjEUa3obn1XJCur9YbEXKDAkaXqsR1LbDnGEJ0MmKFxfg==
    dependencies:
      "@types/linkify-it" "^5"
      "@types/mdurl" "^2"
  
  "@types/mdurl@^2":
    version "2.0.0"
    resolved "https://registry.npmmirror.com/@types/mdurl/-/mdurl-2.0.0.tgz"
    integrity sha512-RGdgjQUZba5p6QEFAVx2OGb8rQDL/cPRG7GiedRzMcJ1tYnUANBncjbSB1NRGwbvjcPeikRABz2nshyPk1bhWg==
  
  "@types/web-bluetooth@^0.0.20":
    version "0.0.20"
    resolved "https://registry.npmmirror.com/@types/web-bluetooth/-/web-bluetooth-0.0.20.tgz"
    integrity sha512-g9gZnnXVq7gM7v3tJCWV/qw7w+KeOlSHAhgF9RytFyifW6AF61hdT2ucrYhPq9hLs5JIryeupHV3qGk95dH9ow==
  
  "@vitejs/plugin-vue@^5.0.4":
    version "5.0.4"
    resolved "https://registry.npmmirror.com/@vitejs/plugin-vue/-/plugin-vue-5.0.4.tgz"
    integrity sha512-WS3hevEszI6CEVEx28F8RjTX97k3KsrcY6kvTg7+Whm5y3oYvcqzVeGCU3hxSAn4uY2CLCkeokkGKpoctccilQ==
  
  "@vue/compiler-core@3.4.26":
    version "3.4.26"
    resolved "https://registry.npmmirror.com/@vue/compiler-core/-/compiler-core-3.4.26.tgz"
    integrity sha512-N9Vil6Hvw7NaiyFUFBPXrAyETIGlQ8KcFMkyk6hW1Cl6NvoqvP+Y8p1Eqvx+UdqsnrnI9+HMUEJegzia3mhXmQ==
    dependencies:
      "@babel/parser" "^7.24.4"
      "@vue/shared" "3.4.26"
      entities "^4.5.0"
      estree-walker "^2.0.2"
      source-map-js "^1.2.0"
  
  "@vue/compiler-dom@3.4.26":
    version "3.4.26"
    resolved "https://registry.npmmirror.com/@vue/compiler-dom/-/compiler-dom-3.4.26.tgz"
    integrity sha512-4CWbR5vR9fMg23YqFOhr6t6WB1Fjt62d6xdFPyj8pxrYub7d+OgZaObMsoxaF9yBUHPMiPFK303v61PwAuGvZA==
    dependencies:
      "@vue/compiler-core" "3.4.26"
      "@vue/shared" "3.4.26"
  
  "@vue/compiler-sfc@3.4.26":
    version "3.4.26"
    resolved "https://registry.npmmirror.com/@vue/compiler-sfc/-/compiler-sfc-3.4.26.tgz"
    integrity sha512-It1dp+FAOCgluYSVYlDn5DtZBxk1NCiJJfu2mlQqa/b+k8GL6NG/3/zRbJnHdhV2VhxFghaDq5L4K+1dakW6cw==
    dependencies:
      "@babel/parser" "^7.24.4"
      "@vue/compiler-core" "3.4.26"
      "@vue/compiler-dom" "3.4.26"
      "@vue/compiler-ssr" "3.4.26"
      "@vue/shared" "3.4.26"
      estree-walker "^2.0.2"
      magic-string "^0.30.10"
      postcss "^8.4.38"
      source-map-js "^1.2.0"
  
  "@vue/compiler-ssr@3.4.26":
    version "3.4.26"
    resolved "https://registry.npmmirror.com/@vue/compiler-ssr/-/compiler-ssr-3.4.26.tgz"
    integrity sha512-FNwLfk7LlEPRY/g+nw2VqiDKcnDTVdCfBREekF8X74cPLiWHUX6oldktf/Vx28yh4STNy7t+/yuLoMBBF7YDiQ==
    dependencies:
      "@vue/compiler-dom" "3.4.26"
      "@vue/shared" "3.4.26"
  
  "@vue/devtools-api@^7.0.27":
    version "7.1.3"
    resolved "https://registry.npmmirror.com/@vue/devtools-api/-/devtools-api-7.1.3.tgz"
    integrity sha512-W8IwFJ/o5iUk78jpqhvScbgCsPiOp2uileDVC0NDtW38gCWhsnu9SeBTjcdu3lbwLdsjc+H1c5Msd/x9ApbcFA==
    dependencies:
      "@vue/devtools-kit" "^7.1.3"
  
  "@vue/devtools-kit@^7.1.3":
    version "7.1.3"
    resolved "https://registry.npmmirror.com/@vue/devtools-kit/-/devtools-kit-7.1.3.tgz"
    integrity sha512-NFskFSJMVCBXTkByuk2llzI3KD3Blcm7WqiRorWjD6nClHPgkH5BobDH08rfulqq5ocRt5xV+3qOT1Q9FXJrwQ==
    dependencies:
      "@vue/devtools-shared" "^7.1.3"
      hookable "^5.5.3"
      mitt "^3.0.1"
      perfect-debounce "^1.0.0"
      speakingurl "^14.0.1"
  
  "@vue/devtools-shared@^7.1.3":
    version "7.1.3"
    resolved "https://registry.npmmirror.com/@vue/devtools-shared/-/devtools-shared-7.1.3.tgz"
    integrity sha512-KJ3AfgjTn3tJz/XKF+BlVShNPecim3G21oHRue+YQOsooW+0s+qXvm09U09aO7yBza5SivL1QgxSrzAbiKWjhQ==
    dependencies:
      rfdc "^1.3.1"
  
  "@vue/reactivity@3.4.26":
    version "3.4.26"
    resolved "https://registry.npmmirror.com/@vue/reactivity/-/reactivity-3.4.26.tgz"
    integrity sha512-E/ynEAu/pw0yotJeLdvZEsp5Olmxt+9/WqzvKff0gE67tw73gmbx6tRkiagE/eH0UCubzSlGRebCbidB1CpqZQ==
    dependencies:
      "@vue/shared" "3.4.26"
  
  "@vue/runtime-core@3.4.26":
    version "3.4.26"
    resolved "https://registry.npmmirror.com/@vue/runtime-core/-/runtime-core-3.4.26.tgz"
    integrity sha512-AFJDLpZvhT4ujUgZSIL9pdNcO23qVFh7zWCsNdGQBw8ecLNxOOnPcK9wTTIYCmBJnuPHpukOwo62a2PPivihqw==
    dependencies:
      "@vue/reactivity" "3.4.26"
      "@vue/shared" "3.4.26"
  
  "@vue/runtime-dom@3.4.26":
    version "3.4.26"
    resolved "https://registry.npmmirror.com/@vue/runtime-dom/-/runtime-dom-3.4.26.tgz"
    integrity sha512-UftYA2hUXR2UOZD/Fc3IndZuCOOJgFxJsWOxDkhfVcwLbsfh2CdXE2tG4jWxBZuDAs9J9PzRTUFt1PgydEtItw==
    dependencies:
      "@vue/runtime-core" "3.4.26"
      "@vue/shared" "3.4.26"
      csstype "^3.1.3"
  
  "@vue/server-renderer@3.4.26":
    version "3.4.26"
    resolved "https://registry.npmmirror.com/@vue/server-renderer/-/server-renderer-3.4.26.tgz"
    integrity sha512-xoGAqSjYDPGAeRWxeoYwqJFD/gw7mpgzOvSxEmjWaFO2rE6qpbD1PC172YRpvKhrihkyHJkNDADFXTfCyVGhKw==
    dependencies:
      "@vue/compiler-ssr" "3.4.26"
      "@vue/shared" "3.4.26"
  
  "@vue/shared@3.4.26":
    version "3.4.26"
    resolved "https://registry.npmmirror.com/@vue/shared/-/shared-3.4.26.tgz"
    integrity sha512-Fg4zwR0GNnjzodMt3KRy2AWGMKQXByl56+4HjN87soxLNU9P5xcJkstAlIeEF3cU6UYOzmJl1tV0dVPGIljCnQ==
  
  "@vueuse/core@^10.9.0", "@vueuse/core@10.9.0":
    version "10.9.0"
    resolved "https://registry.npmmirror.com/@vueuse/core/-/core-10.9.0.tgz"
    integrity sha512-/1vjTol8SXnx6xewDEKfS0Ra//ncg4Hb0DaZiwKf7drgfMsKFExQ+FnnENcN6efPen+1kIzhLQoGSy0eDUVOMg==
    dependencies:
      "@types/web-bluetooth" "^0.0.20"
      "@vueuse/metadata" "10.9.0"
      "@vueuse/shared" "10.9.0"
      vue-demi ">=0.14.7"
  
  "@vueuse/integrations@^10.9.0":
    version "10.9.0"
    resolved "https://registry.npmmirror.com/@vueuse/integrations/-/integrations-10.9.0.tgz"
    integrity sha512-acK+A01AYdWSvL4BZmCoJAcyHJ6EqhmkQEXbQLwev1MY7NBnS+hcEMx/BzVoR9zKI+UqEPMD9u6PsyAuiTRT4Q==
    dependencies:
      "@vueuse/core" "10.9.0"
      "@vueuse/shared" "10.9.0"
      vue-demi ">=0.14.7"
  
  "@vueuse/metadata@10.9.0":
    version "10.9.0"
    resolved "https://registry.npmmirror.com/@vueuse/metadata/-/metadata-10.9.0.tgz"
    integrity sha512-iddNbg3yZM0X7qFY2sAotomgdHK7YJ6sKUvQqbvwnf7TmaVPxS4EJydcNsVejNdS8iWCtDk+fYXr7E32nyTnGA==
  
  "@vueuse/shared@10.9.0":
    version "10.9.0"
    resolved "https://registry.npmmirror.com/@vueuse/shared/-/shared-10.9.0.tgz"
    integrity sha512-Uud2IWncmAfJvRaFYzv5OHDli+FbOzxiVEQdLCKQKLyhz94PIyFC3CHcH7EDMwIn8NPtD06+PNbC/PiO0LGLtw==
    dependencies:
      vue-demi ">=0.14.7"
  
  algoliasearch@^4.19.1, "algoliasearch@>= 4.9.1 < 6":
    version "4.23.3"
    resolved "https://registry.npmmirror.com/algoliasearch/-/algoliasearch-4.23.3.tgz"
    integrity sha512-Le/3YgNvjW9zxIQMRhUHuhiUjAlKY/zsdZpfq4dlLqg6mEm0nL6yk+7f2hDOtLpxsgE4jSzDmvHL7nXdBp5feg==
    dependencies:
      "@algolia/cache-browser-local-storage" "4.23.3"
      "@algolia/cache-common" "4.23.3"
      "@algolia/cache-in-memory" "4.23.3"
      "@algolia/client-account" "4.23.3"
      "@algolia/client-analytics" "4.23.3"
      "@algolia/client-common" "4.23.3"
      "@algolia/client-personalization" "4.23.3"
      "@algolia/client-search" "4.23.3"
      "@algolia/logger-common" "4.23.3"
      "@algolia/logger-console" "4.23.3"
      "@algolia/recommend" "4.23.3"
      "@algolia/requester-browser-xhr" "4.23.3"
      "@algolia/requester-common" "4.23.3"
      "@algolia/requester-node-http" "4.23.3"
      "@algolia/transporter" "4.23.3"
  
  arg@^4.1.0:
    version "4.1.3"
    resolved "https://registry.npmmirror.com/arg/-/arg-4.1.3.tgz"
    integrity sha512-58S9QDqG0Xx27YwPSt9fJxivjYl432YCwfDMfZ+71RAqUrZef7LrKQZ3LHLOwCS4FLNBplP533Zx895SeOCHvA==
  
  buffer-from@^1.0.0:
    version "1.1.2"
    resolved "https://registry.npmmirror.com/buffer-from/-/buffer-from-1.1.2.tgz"
    integrity sha512-E+XQCRwSbaaiChtv6k6Dwgc+bx+Bs6vuKJHHl5kox/BaKbhiXzqQOwK4cO22yElGp2OCmjwVhT3HmxgyPGnJfQ==
  
  create-require@^1.1.0:
    version "1.1.1"
    resolved "https://registry.npmmirror.com/create-require/-/create-require-1.1.1.tgz"
    integrity sha512-dcKFX3jn0MpIaXjisoRvexIJVEKzaq7z2rZKxf+MSr9TkdmHmsU4m2lcLojrj/FHl8mk5VxMmYA+ftRkP/3oKQ==
  
  csstype@^3.1.3:
    version "3.1.3"
    resolved "https://registry.npmmirror.com/csstype/-/csstype-3.1.3.tgz"
    integrity sha512-M1uQkMl8rQK/szD0LNhtqxIPLpimGm8sOBwU7lLnCpSbTyY3yeU1Vc7l4KT5zT4s/yOxHH5O7tIuuLOCnLADRw==
  
  diff@^4.0.1:
    version "4.0.2"
    resolved "https://registry.npmmirror.com/diff/-/diff-4.0.2.tgz"
    integrity sha512-58lmxKSA4BNyLz+HHMUzlOEpg09FV+ev6ZMe3vJihgdxzgcwZ8VoEEPmALCZG9LmqfVoNMMKpttIYTVG6uDY7A==
  
  entities@^4.5.0:
    version "4.5.0"
    resolved "https://registry.npmmirror.com/entities/-/entities-4.5.0.tgz"
    integrity sha512-V0hjH4dGPh9Ao5p0MoRY6BVqtwCjhz6vI5LT8AJ55H+4g9/4vbHx1I54fS0XuclLhDHArPQCiMjDxjaL8fPxhw==
  
  esbuild@^0.20.1:
    version "0.20.2"
    resolved "https://registry.npmmirror.com/esbuild/-/esbuild-0.20.2.tgz"
    integrity sha512-WdOOppmUNU+IbZ0PaDiTst80zjnrOkyJNHoKupIcVyU8Lvla3Ugx94VzkQ32Ijqd7UhHJy75gNWDMUekcrSJ6g==
    optionalDependencies:
      "@esbuild/aix-ppc64" "0.20.2"
      "@esbuild/android-arm" "0.20.2"
      "@esbuild/android-arm64" "0.20.2"
      "@esbuild/android-x64" "0.20.2"
      "@esbuild/darwin-arm64" "0.20.2"
      "@esbuild/darwin-x64" "0.20.2"
      "@esbuild/freebsd-arm64" "0.20.2"
      "@esbuild/freebsd-x64" "0.20.2"
      "@esbuild/linux-arm" "0.20.2"
      "@esbuild/linux-arm64" "0.20.2"
      "@esbuild/linux-ia32" "0.20.2"
      "@esbuild/linux-loong64" "0.20.2"
      "@esbuild/linux-mips64el" "0.20.2"
      "@esbuild/linux-ppc64" "0.20.2"
      "@esbuild/linux-riscv64" "0.20.2"
      "@esbuild/linux-s390x" "0.20.2"
      "@esbuild/linux-x64" "0.20.2"
      "@esbuild/netbsd-x64" "0.20.2"
      "@esbuild/openbsd-x64" "0.20.2"
      "@esbuild/sunos-x64" "0.20.2"
      "@esbuild/win32-arm64" "0.20.2"
      "@esbuild/win32-ia32" "0.20.2"
      "@esbuild/win32-x64" "0.20.2"
  
  estree-walker@^2.0.2:
    version "2.0.2"
    resolved "https://registry.npmmirror.com/estree-walker/-/estree-walker-2.0.2.tgz"
    integrity sha512-Rfkk/Mp/DL7JVje3u18FxFujQlTNR2q6QfMSMB7AvCBx91NGj/ba3kCfza0f6dVDbw7YlRf/nDrn7pQrCCyQ/w==
  
  focus-trap@*, focus-trap@^7.5.4:
    version "7.5.4"
    resolved "https://registry.npmmirror.com/focus-trap/-/focus-trap-7.5.4.tgz"
    integrity sha512-N7kHdlgsO/v+iD/dMoJKtsSqs5Dz/dXZVebRgJw23LDk+jMi/974zyiOYDziY2JPp8xivq9BmUGwIJMiuSBi7w==
    dependencies:
      tabbable "^6.2.0"
  
  hookable@^5.5.3:
    version "5.5.3"
    resolved "https://registry.npmmirror.com/hookable/-/hookable-5.5.3.tgz"
    integrity sha512-Yc+BQe8SvoXH1643Qez1zqLRmbA5rCL+sSmk6TVos0LWVfNIB7PGncdlId77WzLGSIB5KaWgTaNTs2lNVEI6VQ==
  
  magic-string@^0.30.10:
    version "0.30.10"
    resolved "https://registry.npmmirror.com/magic-string/-/magic-string-0.30.10.tgz"
    integrity sha512-iIRwTIf0QKV3UAnYK4PU8uiEc4SRh5jX0mwpIwETPpHdhVM4f53RSwS/vXvN1JhGX+Cs7B8qIq3d6AH49O5fAQ==
    dependencies:
      "@jridgewell/sourcemap-codec" "^1.4.15"
  
  make-error@^1.1.1:
    version "1.3.6"
    resolved "https://registry.npmmirror.com/make-error/-/make-error-1.3.6.tgz"
    integrity sha512-s8UhlNe7vPKomQhC1qFelMokr/Sc3AgNbso3n74mVPA5LTZwkB9NlXf4XPamLxJE8h0gh73rM94xvwRT2CVInw==
  
  mark.js@8.11.1:
    version "8.11.1"
    resolved "https://registry.npmmirror.com/mark.js/-/mark.js-8.11.1.tgz"
    integrity sha512-1I+1qpDt4idfgLQG+BNWmrqku+7/2bi5nLf4YwF8y8zXvmfiTBY3PV3ZibfrjBueCByROpuBjLLFCajqkgYoLQ==
  
  minisearch@^6.3.0:
    version "6.3.0"
    resolved "https://registry.npmmirror.com/minisearch/-/minisearch-6.3.0.tgz"
    integrity sha512-ihFnidEeU8iXzcVHy74dhkxh/dn8Dc08ERl0xwoMMGqp4+LvRSCgicb+zGqWthVokQKvCSxITlh3P08OzdTYCQ==
  
  mitt@^3.0.1:
    version "3.0.1"
    resolved "https://registry.npmmirror.com/mitt/-/mitt-3.0.1.tgz"
    integrity sha512-vKivATfr97l2/QBCYAkXYDbrIWPM2IIKEl7YPhjCvKlG3kE2gm+uBo6nEXK3M5/Ffh/FLpKExzOQ3JJoJGFKBw==
  
  nanoid@^3.3.7:
    version "3.3.7"
    resolved "https://registry.npmmirror.com/nanoid/-/nanoid-3.3.7.tgz"
    integrity sha512-eSRppjcPIatRIMC1U6UngP8XFcz8MQWGQdt1MTBQ7NaAmvXDfvNxbvWV3x2y6CdEUciCSsDHDQZbhYaB8QEo2g==
  
  perfect-debounce@^1.0.0:
    version "1.0.0"
    resolved "https://registry.npmmirror.com/perfect-debounce/-/perfect-debounce-1.0.0.tgz"
    integrity sha512-xCy9V055GLEqoFaHoC1SoLIaLmWctgCUaBaWxDZ7/Zx4CTyX7cJQLJOok/orfjZAh9kEYpjJa4d0KcJmCbctZA==
  
  picocolors@^1.0.0:
    version "1.0.0"
    resolved "https://registry.npmmirror.com/picocolors/-/picocolors-1.0.0.tgz"
    integrity sha512-1fygroTLlHu66zi26VoTDv8yRgm0Fccecssto+MhsZ0D/DGW2sm8E8AjW7NU5VVTRt5GxbeZ5qBuJr+HyLYkjQ==
  
  postcss@^8, postcss@^8.4.38:
    version "8.4.38"
    resolved "https://registry.npmmirror.com/postcss/-/postcss-8.4.38.tgz"
    integrity sha512-Wglpdk03BSfXkHoQa3b/oulrotAkwrlLDRSOb9D0bN86FdRyE9lppSp33aHNPgBa0JKCoB+drFLZkQoRRYae5A==
    dependencies:
      nanoid "^3.3.7"
      picocolors "^1.0.0"
      source-map-js "^1.2.0"
  
  preact@^10.0.0:
    version "10.21.0"
    resolved "https://registry.npmmirror.com/preact/-/preact-10.21.0.tgz"
    integrity sha512-aQAIxtzWEwH8ou+OovWVSVNlFImL7xUCwJX3YMqA3U8iKCNC34999fFOnWjYNsylgfPgMexpbk7WYOLtKr/mxg==
  
  rfdc@^1.3.1:
    version "1.3.1"
    resolved "https://registry.npmmirror.com/rfdc/-/rfdc-1.3.1.tgz"
    integrity sha512-r5a3l5HzYlIC68TpmYKlxWjmOP6wiPJ1vWv2HeLhNsRZMrCkxeqxiHlQ21oXmQ4F3SiryXBHhAD7JZqvOJjFmg==
  
  rollup@^4.13.0:
    version "4.17.2"
    resolved "https://registry.npmmirror.com/rollup/-/rollup-4.17.2.tgz"
    integrity sha512-/9ClTJPByC0U4zNLowV1tMBe8yMEAxewtR3cUNX5BoEpGH3dQEWpJLr6CLp0fPdYRF/fzVOgvDb1zXuakwF5kQ==
    dependencies:
      "@types/estree" "1.0.5"
    optionalDependencies:
      "@rollup/rollup-android-arm-eabi" "4.17.2"
      "@rollup/rollup-android-arm64" "4.17.2"
      "@rollup/rollup-darwin-arm64" "4.17.2"
      "@rollup/rollup-darwin-x64" "4.17.2"
      "@rollup/rollup-linux-arm-gnueabihf" "4.17.2"
      "@rollup/rollup-linux-arm-musleabihf" "4.17.2"
      "@rollup/rollup-linux-arm64-gnu" "4.17.2"
      "@rollup/rollup-linux-arm64-musl" "4.17.2"
      "@rollup/rollup-linux-powerpc64le-gnu" "4.17.2"
      "@rollup/rollup-linux-riscv64-gnu" "4.17.2"
      "@rollup/rollup-linux-s390x-gnu" "4.17.2"
      "@rollup/rollup-linux-x64-gnu" "4.17.2"
      "@rollup/rollup-linux-x64-musl" "4.17.2"
      "@rollup/rollup-win32-arm64-msvc" "4.17.2"
      "@rollup/rollup-win32-ia32-msvc" "4.17.2"
      "@rollup/rollup-win32-x64-msvc" "4.17.2"
      fsevents "~2.3.2"
  
  "search-insights@>= 1 < 3":
    version "2.13.0"
    resolved "https://registry.npmmirror.com/search-insights/-/search-insights-2.13.0.tgz"
    integrity sha512-Orrsjf9trHHxFRuo9/rzm0KIWmgzE8RMlZMzuhZOJ01Rnz3D0YBAe+V6473t6/H6c7irs6Lt48brULAiRWb3Vw==
  
  shiki@^1.3.0, shiki@1.4.0:
    version "1.4.0"
    resolved "https://registry.npmmirror.com/shiki/-/shiki-1.4.0.tgz"
    integrity sha512-5WIn0OL8PWm7JhnTwRWXniy6eEDY234mRrERVlFa646V2ErQqwIFd2UML7e0Pq9eqSKLoMa3Ke+xbsF+DAuy+Q==
    dependencies:
      "@shikijs/core" "1.4.0"
  
  source-map-js@^1.2.0:
    version "1.2.0"
    resolved "https://registry.npmmirror.com/source-map-js/-/source-map-js-1.2.0.tgz"
    integrity sha512-itJW8lvSA0TXEphiRoawsCksnlf8SyvmFzIhltqAHluXd88pkCd+cXJVHTDwdCr0IzwptSm035IHQktUu1QUMg==
  
  source-map-support@^0.5.17:
    version "0.5.21"
    resolved "https://registry.npmmirror.com/source-map-support/-/source-map-support-0.5.21.tgz"
    integrity sha512-uBHU3L3czsIyYXKX88fdrGovxdSCoTGDRZ6SYXtSRxLZUzHg5P/66Ht6uoUlHu9EZod+inXhKo3qQgwXUT/y1w==
    dependencies:
      buffer-from "^1.0.0"
      source-map "^0.6.0"
  
  source-map@^0.6.0:
    version "0.6.1"
    resolved "https://registry.npmmirror.com/source-map/-/source-map-0.6.1.tgz"
    integrity sha512-UjgapumWlbMhkBgzT7Ykc5YXUT46F0iKu8SGXq0bcwP5dz/h0Plj6enJqjz1Zbq2l5WaqYnrVbwWOWMyF3F47g==
  
  speakingurl@^14.0.1:
    version "14.0.1"
    resolved "https://registry.npmmirror.com/speakingurl/-/speakingurl-14.0.1.tgz"
    integrity sha512-1POYv7uv2gXoyGFpBCmpDVSNV74IfsWlDW216UPjbWufNf+bSU6GdbDsxdcxtfwb4xlI3yxzOTKClUosxARYrQ==
  
  tabbable@^6.2.0:
    version "6.2.0"
    resolved "https://registry.npmmirror.com/tabbable/-/tabbable-6.2.0.tgz"
    integrity sha512-Cat63mxsVJlzYvN51JmVXIgNoUokrIaT2zLclCXjRd8boZ0004U4KCs/sToJ75C6sdlByWxpYnb5Boif1VSFew==
  
  ts-node@^9.0.0:
    version "9.1.1"
    resolved "https://registry.npmmirror.com/ts-node/-/ts-node-9.1.1.tgz"
    integrity sha512-hPlt7ZACERQGf03M253ytLY3dHbGNGrAq9qIHWUY9XHYl1z7wYngSr3OQ5xmui8o2AaxsONxIzjafLUiWBo1Fg==
    dependencies:
      arg "^4.1.0"
      create-require "^1.1.0"
      diff "^4.0.1"
      make-error "^1.1.1"
      source-map-support "^0.5.17"
      yn "3.1.1"
  
  typescript@*, typescript@^4.0.2, typescript@>=2.7:
    version "4.9.5"
    resolved "https://registry.npmmirror.com/typescript/-/typescript-4.9.5.tgz"
    integrity sha512-1FXk9E2Hm+QzZQ7z+McJiHL4NW1F2EzMu9Nq9i3zAaGqibafqYwCVU6WyWAuyQRRzOlxou8xZSyXLEN8oKj24g==
  
  vite@^5.0.0, vite@^5.2.10:
    version "5.2.11"
    resolved "https://registry.npmmirror.com/vite/-/vite-5.2.11.tgz"
    integrity sha512-HndV31LWW05i1BLPMUCE1B9E9GFbOu1MbenhS58FuK6owSO5qHm7GiCotrNY1YE5rMeQSFBGmT5ZaLEjFizgiQ==
    dependencies:
      esbuild "^0.20.1"
      postcss "^8.4.38"
      rollup "^4.13.0"
    optionalDependencies:
      fsevents "~2.3.3"
  
  vitepress@^1.1.4:
    version "1.1.4"
    resolved "https://registry.npmmirror.com/vitepress/-/vitepress-1.1.4.tgz"
    integrity sha512-bWIzFZXpPB6NIDBuWnS20aMADH+FcFKDfQNYFvbOWij03PR29eImTceQHIzCKordjXYBhM/TjE5VKFTUJ3EheA==
    dependencies:
      "@docsearch/css" "^3.6.0"
      "@docsearch/js" "^3.6.0"
      "@shikijs/core" "^1.3.0"
      "@shikijs/transformers" "^1.3.0"
      "@types/markdown-it" "^14.0.1"
      "@vitejs/plugin-vue" "^5.0.4"
      "@vue/devtools-api" "^7.0.27"
      "@vueuse/core" "^10.9.0"
      "@vueuse/integrations" "^10.9.0"
      focus-trap "^7.5.4"
      mark.js "8.11.1"
      minisearch "^6.3.0"
      shiki "^1.3.0"
      vite "^5.2.10"
      vue "^3.4.25"
  
  vue-demi@>=0.14.7:
    version "0.14.7"
    resolved "https://registry.npmmirror.com/vue-demi/-/vue-demi-0.14.7.tgz"
    integrity sha512-EOG8KXDQNwkJILkx/gPcoL/7vH+hORoBaKgGe+6W7VFMvCYJfmF2dGbvgDroVnI8LU7/kTu8mbjRZGBU1z9NTA==
  
  vue@^3.0.0, "vue@^3.0.0-0 || ^2.6.0", vue@^3.2.25, vue@^3.4.25, vue@3.4.26:
    version "3.4.26"
    resolved "https://registry.npmmirror.com/vue/-/vue-3.4.26.tgz"
    integrity sha512-bUIq/p+VB+0xrJubaemrfhk1/FiW9iX+pDV+62I/XJ6EkspAO9/DXEjbDFoe8pIfOZBqfk45i9BMc41ptP/uRg==
    dependencies:
      "@vue/compiler-dom" "3.4.26"
      "@vue/compiler-sfc" "3.4.26"
      "@vue/runtime-dom" "3.4.26"
      "@vue/server-renderer" "3.4.26"
      "@vue/shared" "3.4.26"
  
  yn@3.1.1:
    version "3.1.1"
    resolved "https://registry.npmmirror.com/yn/-/yn-3.1.1.tgz"
    integrity sha512-Ux4ygGWsu2c7isFWe8Yu1YluJmqVhxqK2cLXNQA5AcC3QfbGNpM7fu0Y8b/z16pXLnFxZYvWhd3fhBY9DLmC6Q==
